
> client@0.1.0 start /app
> react-scripts start

(node:2229) [DEP_WEBPACK_DEV_SERVER_ON_AFTER_SETUP_MIDDLEWARE] DeprecationWarning: 'onAfterSetupMiddleware' option is deprecated. Please use the 'setupMiddlewares' option.
(Use `node --trace-deprecation ...` to show where the warning was created)
(node:2229) [DEP_WEBPACK_DEV_SERVER_ON_BEFORE_SETUP_MIDDLEWARE] DeprecationWarning: 'onBeforeSetupMiddleware' option is deprecated. Please use the 'setupMiddlewares' option.
Starting the development server...

Compiled with warnings.

[eslint]
src/App.tsx
  Line 2:52:  'useNavigate' is defined but never used   @typescript-eslint/no-unused-vars
  Line 3:10:  'styled' is defined but never used        @typescript-eslint/no-unused-vars
  Line 16:8:  'CustomCursor' is defined but never used  @typescript-eslint/no-unused-vars

src/components/effects/typing-effect.tsx
  Line 60:6:  React Hook useEffect has missing dependencies: 'handleTyping' and 'speed'. Either include them or remove the dependency array  react-hooks/exhaustive-deps

src/components/pages/about.tsx
  Line 45:7:  'BoldSpan' is assigned a value but never used  @typescript-eslint/no-unused-vars

src/components/pages/blog/blog.tsx
  Line 1:17:  'Ref' is defined but never used                     @typescript-eslint/no-unused-vars
  Line 2:8:   'styled' is defined but never used                  @typescript-eslint/no-unused-vars
  Line 15:9:  'clickToRender' is assigned a value but never used  @typescript-eslint/no-unused-vars

src/components/pages/blog/content.tsx
  Line 1:17:   'useEffect' is defined but never used              @typescript-eslint/no-unused-vars
  Line 25:22:  'setIsClicked' is assigned a value but never used  @typescript-eslint/no-unused-vars

src/components/pages/contact.tsx
  Line 1:10:  'Form' is defined but never used  @typescript-eslint/no-unused-vars

src/components/pages/error-boundary.jsx
  Line 1:10:  'useRouteError' is defined but never used  no-unused-vars

src/components/pages/landing.tsx
  Line 17:7:  'spin3D' is assigned a value but never used  @typescript-eslint/no-unused-vars

src/components/pages/works/work.tsx
  Line 1:28:    'useRef' is defined but never used                @typescript-eslint/no-unused-vars
  Line 3:10:    'Link' is defined but never used                  @typescript-eslint/no-unused-vars
  Line 4:10:    'DiGithubAlt' is defined but never used           @typescript-eslint/no-unused-vars
  Line 5:8:     'TextBlock' is defined but never used             @typescript-eslint/no-unused-vars
  Line 6:8:     'DisintegrateText' is defined but never used      @typescript-eslint/no-unused-vars
  Line 8:10:    'CiSquareRemove' is defined but never used        @typescript-eslint/no-unused-vars
  Line 8:26:    'CiSquarePlus' is defined but never used          @typescript-eslint/no-unused-vars
  Line 74:7:    'FilterCount' is assigned a value but never used  @typescript-eslint/no-unused-vars
  Line 127:25:  'Work' is already defined                         @typescript-eslint/no-redeclare

Search for the keywords to learn more about each warning.
To ignore, add // eslint-disable-next-line to the line before.

WARNING in [eslint]
src/App.tsx
  Line 2:52:  'useNavigate' is defined but never used   @typescript-eslint/no-unused-vars
  Line 3:10:  'styled' is defined but never used        @typescript-eslint/no-unused-vars
  Line 16:8:  'CustomCursor' is defined but never used  @typescript-eslint/no-unused-vars

src/components/effects/typing-effect.tsx
  Line 60:6:  React Hook useEffect has missing dependencies: 'handleTyping' and 'speed'. Either include them or remove the dependency array  react-hooks/exhaustive-deps

src/components/pages/about.tsx
  Line 45:7:  'BoldSpan' is assigned a value but never used  @typescript-eslint/no-unused-vars

src/components/pages/blog/blog.tsx
  Line 1:17:  'Ref' is defined but never used                     @typescript-eslint/no-unused-vars
  Line 2:8:   'styled' is defined but never used                  @typescript-eslint/no-unused-vars
  Line 15:9:  'clickToRender' is assigned a value but never used  @typescript-eslint/no-unused-vars

src/components/pages/blog/content.tsx
  Line 1:17:   'useEffect' is defined but never used              @typescript-eslint/no-unused-vars
  Line 25:22:  'setIsClicked' is assigned a value but never used  @typescript-eslint/no-unused-vars

src/components/pages/contact.tsx
  Line 1:10:  'Form' is defined but never used  @typescript-eslint/no-unused-vars

src/components/pages/error-boundary.jsx
  Line 1:10:  'useRouteError' is defined but never used  no-unused-vars

src/components/pages/landing.tsx
  Line 17:7:  'spin3D' is assigned a value but never used  @typescript-eslint/no-unused-vars

src/components/pages/works/work.tsx
  Line 1:28:    'useRef' is defined but never used                @typescript-eslint/no-unused-vars
  Line 3:10:    'Link' is defined but never used                  @typescript-eslint/no-unused-vars
  Line 4:10:    'DiGithubAlt' is defined but never used           @typescript-eslint/no-unused-vars
  Line 5:8:     'TextBlock' is defined but never used             @typescript-eslint/no-unused-vars
  Line 6:8:     'DisintegrateText' is defined but never used      @typescript-eslint/no-unused-vars
  Line 8:10:    'CiSquareRemove' is defined but never used        @typescript-eslint/no-unused-vars
  Line 8:26:    'CiSquarePlus' is defined but never used          @typescript-eslint/no-unused-vars
  Line 74:7:    'FilterCount' is assigned a value but never used  @typescript-eslint/no-unused-vars
  Line 127:25:  'Work' is already defined                         @typescript-eslint/no-redeclare

webpack compiled with 1 warning
No issues found.
